{"C:\\Users\\RohanDeepakPaspallu\\Desktop\\git\\node-express\\ExpressJS\\vidly-exercise.js": {"path":"C:\\Users\\RohanDeepakPaspallu\\Desktop\\git\\node-express\\ExpressJS\\vidly-exercise.js","statementMap":{"0":{"start":{"line":1,"column":16},"end":{"line":1,"column":34}},"1":{"start":{"line":2,"column":16},"end":{"line":2,"column":34}},"2":{"start":{"line":3,"column":12},"end":{"line":3,"column":21}},"3":{"start":{"line":15,"column":15},"end":{"line":15,"column":32}},"4":{"start":{"line":16,"column":12},"end":{"line":16,"column":26}},"5":{"start":{"line":20,"column":0},"end":{"line":20,"column":32}},"6":{"start":{"line":21,"column":0},"end":{"line":21,"column":25}},"7":{"start":{"line":22,"column":0},"end":{"line":22,"column":29}},"8":{"start":{"line":23,"column":0},"end":{"line":23,"column":33}},"9":{"start":{"line":24,"column":0},"end":{"line":24,"column":30}},"10":{"start":{"line":26,"column":0},"end":{"line":28,"column":2}},"11":{"start":{"line":27,"column":4},"end":{"line":27,"column":32}},"12":{"start":{"line":32,"column":13},"end":{"line":32,"column":37}},"13":{"start":{"line":33,"column":15},"end":{"line":33,"column":80}},"14":{"start":{"line":33,"column":38},"end":{"line":33,"column":79}},"15":{"start":{"line":35,"column":0},"end":{"line":35,"column":23}}},"fnMap":{"0":{"name":"(anonymous_0)","decl":{"start":{"line":26,"column":12},"end":{"line":26,"column":13}},"loc":{"start":{"line":26,"column":24},"end":{"line":28,"column":1}},"line":26},"1":{"name":"(anonymous_1)","decl":{"start":{"line":33,"column":32},"end":{"line":33,"column":33}},"loc":{"start":{"line":33,"column":38},"end":{"line":33,"column":79}},"line":33}},"branchMap":{"0":{"loc":{"start":{"line":32,"column":13},"end":{"line":32,"column":37}},"type":"binary-expr","locations":[{"start":{"line":32,"column":13},"end":{"line":32,"column":29}},{"start":{"line":32,"column":33},"end":{"line":32,"column":37}}],"line":32}},"s":{"0":2,"1":2,"2":2,"3":2,"4":2,"5":2,"6":2,"7":2,"8":2,"9":2,"10":2,"11":0,"12":2,"13":2,"14":2,"15":2},"f":{"0":0,"1":2},"b":{"0":[2,2]},"_coverageSchema":"1a1c01bbd47fc00a2c39e90264f33305004495a9","hash":"d6d26a1204c203dbd4e8196f1762241a0415b2e5"}
,"C:\\Users\\RohanDeepakPaspallu\\Desktop\\git\\node-express\\ExpressJS\\middleware\\admin.js": {"path":"C:\\Users\\RohanDeepakPaspallu\\Desktop\\git\\node-express\\ExpressJS\\middleware\\admin.js","statementMap":{"0":{"start":{"line":1,"column":12},"end":{"line":1,"column":36}},"1":{"start":{"line":2,"column":15},"end":{"line":2,"column":32}},"2":{"start":{"line":5,"column":4},"end":{"line":5,"column":92}},"3":{"start":{"line":5,"column":26},"end":{"line":5,"column":92}},"4":{"start":{"line":6,"column":4},"end":{"line":6,"column":10}},"5":{"start":{"line":10,"column":0},"end":{"line":10,"column":22}}},"fnMap":{"0":{"name":"admin","decl":{"start":{"line":3,"column":9},"end":{"line":3,"column":14}},"loc":{"start":{"line":3,"column":30},"end":{"line":8,"column":1}},"line":3}},"branchMap":{"0":{"loc":{"start":{"line":5,"column":4},"end":{"line":5,"column":92}},"type":"if","locations":[{"start":{"line":5,"column":4},"end":{"line":5,"column":92}},{"start":{},"end":{}}],"line":5}},"s":{"0":2,"1":2,"2":0,"3":0,"4":0,"5":2},"f":{"0":0},"b":{"0":[0,0]},"_coverageSchema":"1a1c01bbd47fc00a2c39e90264f33305004495a9","hash":"d04c1d403e38d61b45ad11f165418f3d631c5633"}
,"C:\\Users\\RohanDeepakPaspallu\\Desktop\\git\\node-express\\ExpressJS\\middleware\\auth.js": {"path":"C:\\Users\\RohanDeepakPaspallu\\Desktop\\git\\node-express\\ExpressJS\\middleware\\auth.js","statementMap":{"0":{"start":{"line":1,"column":12},"end":{"line":1,"column":36}},"1":{"start":{"line":2,"column":15},"end":{"line":2,"column":32}},"2":{"start":{"line":4,"column":18},"end":{"line":4,"column":44}},"3":{"start":{"line":5,"column":4},"end":{"line":5,"column":79}},"4":{"start":{"line":5,"column":15},"end":{"line":5,"column":79}},"5":{"start":{"line":7,"column":4},"end":{"line":14,"column":5}},"6":{"start":{"line":8,"column":24},"end":{"line":8,"column":70}},"7":{"start":{"line":9,"column":8},"end":{"line":9,"column":26}},"8":{"start":{"line":10,"column":8},"end":{"line":10,"column":14}},"9":{"start":{"line":13,"column":8},"end":{"line":13,"column":45}},"10":{"start":{"line":18,"column":0},"end":{"line":18,"column":21}}},"fnMap":{"0":{"name":"auth","decl":{"start":{"line":3,"column":9},"end":{"line":3,"column":13}},"loc":{"start":{"line":3,"column":29},"end":{"line":16,"column":1}},"line":3}},"branchMap":{"0":{"loc":{"start":{"line":5,"column":4},"end":{"line":5,"column":79}},"type":"if","locations":[{"start":{"line":5,"column":4},"end":{"line":5,"column":79}},{"start":{},"end":{}}],"line":5}},"s":{"0":3,"1":3,"2":9,"3":9,"4":2,"5":7,"6":7,"7":6,"8":6,"9":1,"10":3},"f":{"0":9},"b":{"0":[2,7]},"_coverageSchema":"1a1c01bbd47fc00a2c39e90264f33305004495a9","hash":"e94bbea026f11e3391ad6d9ffab6e5caa89c0a89"}
,"C:\\Users\\RohanDeepakPaspallu\\Desktop\\git\\node-express\\ExpressJS\\middleware\\error.js": {"path":"C:\\Users\\RohanDeepakPaspallu\\Desktop\\git\\node-express\\ExpressJS\\middleware\\error.js","statementMap":{"0":{"start":{"line":1,"column":16},"end":{"line":1,"column":34}},"1":{"start":{"line":3,"column":4},"end":{"line":3,"column":35}},"2":{"start":{"line":4,"column":4},"end":{"line":4,"column":45}},"3":{"start":{"line":7,"column":0},"end":{"line":7,"column":22}}},"fnMap":{"0":{"name":"error","decl":{"start":{"line":2,"column":9},"end":{"line":2,"column":14}},"loc":{"start":{"line":2,"column":35},"end":{"line":5,"column":1}},"line":2}},"branchMap":{},"s":{"0":2,"1":0,"2":0,"3":2},"f":{"0":0},"b":{},"_coverageSchema":"1a1c01bbd47fc00a2c39e90264f33305004495a9","hash":"69eecd6739b8f65ec8e81d0e41ee0c1cee446200"}
,"C:\\Users\\RohanDeepakPaspallu\\Desktop\\git\\node-express\\ExpressJS\\middleware\\validateObjectId.js": {"path":"C:\\Users\\RohanDeepakPaspallu\\Desktop\\git\\node-express\\ExpressJS\\middleware\\validateObjectId.js","statementMap":{"0":{"start":{"line":1,"column":17},"end":{"line":1,"column":36}},"1":{"start":{"line":3,"column":0},"end":{"line":8,"column":1}},"2":{"start":{"line":4,"column":4},"end":{"line":5,"column":49}},"3":{"start":{"line":5,"column":8},"end":{"line":5,"column":49}},"4":{"start":{"line":7,"column":4},"end":{"line":7,"column":10}}},"fnMap":{"0":{"name":"(anonymous_0)","decl":{"start":{"line":3,"column":18},"end":{"line":3,"column":19}},"loc":{"start":{"line":3,"column":43},"end":{"line":8,"column":1}},"line":3}},"branchMap":{"0":{"loc":{"start":{"line":4,"column":4},"end":{"line":5,"column":49}},"type":"if","locations":[{"start":{"line":4,"column":4},"end":{"line":5,"column":49}},{"start":{},"end":{}}],"line":4}},"s":{"0":2,"1":2,"2":2,"3":1,"4":1},"f":{"0":2},"b":{"0":[1,1]},"_coverageSchema":"1a1c01bbd47fc00a2c39e90264f33305004495a9","hash":"8870ce22087933f1ce122ed889a4b79ec39e2cbd"}
,"C:\\Users\\RohanDeepakPaspallu\\Desktop\\git\\node-express\\ExpressJS\\models\\customers.js": {"path":"C:\\Users\\RohanDeepakPaspallu\\Desktop\\git\\node-express\\ExpressJS\\models\\customers.js","statementMap":{"0":{"start":{"line":1,"column":17},"end":{"line":1,"column":36}},"1":{"start":{"line":2,"column":12},"end":{"line":2,"column":26}},"2":{"start":{"line":4,"column":24},"end":{"line":21,"column":2}},"3":{"start":{"line":23,"column":17},"end":{"line":23,"column":60}},"4":{"start":{"line":26,"column":19},"end":{"line":30,"column":5}},"5":{"start":{"line":31,"column":4},"end":{"line":31,"column":41}},"6":{"start":{"line":34,"column":0},"end":{"line":34,"column":27}},"7":{"start":{"line":35,"column":0},"end":{"line":35,"column":35}}},"fnMap":{"0":{"name":"validateCustomer","decl":{"start":{"line":25,"column":9},"end":{"line":25,"column":25}},"loc":{"start":{"line":25,"column":36},"end":{"line":32,"column":1}},"line":25}},"branchMap":{},"s":{"0":2,"1":2,"2":2,"3":2,"4":0,"5":0,"6":2,"7":2},"f":{"0":0},"b":{},"_coverageSchema":"1a1c01bbd47fc00a2c39e90264f33305004495a9","hash":"a6fde9a1bd64c3a7621afb07605c07f4d6e0ed8c"}
,"C:\\Users\\RohanDeepakPaspallu\\Desktop\\git\\node-express\\ExpressJS\\models\\genres.js": {"path":"C:\\Users\\RohanDeepakPaspallu\\Desktop\\git\\node-express\\ExpressJS\\models\\genres.js","statementMap":{"0":{"start":{"line":1,"column":17},"end":{"line":1,"column":36}},"1":{"start":{"line":2,"column":12},"end":{"line":2,"column":26}},"2":{"start":{"line":4,"column":20},"end":{"line":11,"column":2}},"3":{"start":{"line":13,"column":14},"end":{"line":13,"column":50}},"4":{"start":{"line":16,"column":19},"end":{"line":16,"column":67}},"5":{"start":{"line":17,"column":4},"end":{"line":17,"column":38}},"6":{"start":{"line":20,"column":0},"end":{"line":20,"column":21}},"7":{"start":{"line":21,"column":0},"end":{"line":21,"column":33}},"8":{"start":{"line":22,"column":0},"end":{"line":22,"column":32}}},"fnMap":{"0":{"name":"validateGenre","decl":{"start":{"line":15,"column":9},"end":{"line":15,"column":22}},"loc":{"start":{"line":15,"column":30},"end":{"line":18,"column":1}},"line":15}},"branchMap":{},"s":{"0":3,"1":3,"2":3,"3":3,"4":5,"5":5,"6":3,"7":3,"8":3},"f":{"0":5},"b":{},"_coverageSchema":"1a1c01bbd47fc00a2c39e90264f33305004495a9","hash":"da2b993da5c7a9ec9ffb1beb1b4e4140025a0470"}
,"C:\\Users\\RohanDeepakPaspallu\\Desktop\\git\\node-express\\ExpressJS\\models\\movies.js": {"path":"C:\\Users\\RohanDeepakPaspallu\\Desktop\\git\\node-express\\ExpressJS\\models\\movies.js","statementMap":{"0":{"start":{"line":1,"column":17},"end":{"line":1,"column":36}},"1":{"start":{"line":2,"column":12},"end":{"line":2,"column":26}},"2":{"start":{"line":3,"column":22},"end":{"line":3,"column":41}},"3":{"start":{"line":5,"column":21},"end":{"line":29,"column":2}},"4":{"start":{"line":32,"column":14},"end":{"line":32,"column":51}},"5":{"start":{"line":35,"column":19},"end":{"line":40,"column":5}},"6":{"start":{"line":41,"column":4},"end":{"line":41,"column":38}},"7":{"start":{"line":44,"column":0},"end":{"line":44,"column":21}},"8":{"start":{"line":45,"column":0},"end":{"line":45,"column":32}}},"fnMap":{"0":{"name":"validateMovie","decl":{"start":{"line":34,"column":9},"end":{"line":34,"column":22}},"loc":{"start":{"line":34,"column":30},"end":{"line":42,"column":1}},"line":34}},"branchMap":{},"s":{"0":2,"1":2,"2":2,"3":2,"4":2,"5":0,"6":0,"7":2,"8":2},"f":{"0":0},"b":{},"_coverageSchema":"1a1c01bbd47fc00a2c39e90264f33305004495a9","hash":"7fde0ba3d8d2bdac2596019bc8487af20aa4dd71"}
,"C:\\Users\\RohanDeepakPaspallu\\Desktop\\git\\node-express\\ExpressJS\\models\\rental.js": {"path":"C:\\Users\\RohanDeepakPaspallu\\Desktop\\git\\node-express\\ExpressJS\\models\\rental.js","statementMap":{"0":{"start":{"line":1,"column":12},"end":{"line":1,"column":26}},"1":{"start":{"line":2,"column":0},"end":{"line":2,"column":43}},"2":{"start":{"line":3,"column":17},"end":{"line":3,"column":36}},"3":{"start":{"line":5,"column":21},"end":{"line":57,"column":2}},"4":{"start":{"line":59,"column":15},"end":{"line":59,"column":53}},"5":{"start":{"line":62,"column":19},"end":{"line":65,"column":5}},"6":{"start":{"line":67,"column":4},"end":{"line":67,"column":39}},"7":{"start":{"line":70,"column":0},"end":{"line":70,"column":23}},"8":{"start":{"line":71,"column":0},"end":{"line":71,"column":33}}},"fnMap":{"0":{"name":"validateRental","decl":{"start":{"line":61,"column":9},"end":{"line":61,"column":23}},"loc":{"start":{"line":61,"column":31},"end":{"line":68,"column":1}},"line":61}},"branchMap":{},"s":{"0":2,"1":2,"2":2,"3":2,"4":2,"5":0,"6":0,"7":2,"8":2},"f":{"0":0},"b":{},"_coverageSchema":"1a1c01bbd47fc00a2c39e90264f33305004495a9","hash":"7df4cb04d6e9ea1f69d026eb4c60567f867fbdd4"}
,"C:\\Users\\RohanDeepakPaspallu\\Desktop\\git\\node-express\\ExpressJS\\models\\users.js": {"path":"C:\\Users\\RohanDeepakPaspallu\\Desktop\\git\\node-express\\ExpressJS\\models\\users.js","statementMap":{"0":{"start":{"line":1,"column":15},"end":{"line":1,"column":32}},"1":{"start":{"line":2,"column":12},"end":{"line":2,"column":35}},"2":{"start":{"line":3,"column":17},"end":{"line":3,"column":36}},"3":{"start":{"line":4,"column":12},"end":{"line":4,"column":26}},"4":{"start":{"line":6,"column":19},"end":{"line":29,"column":2}},"5":{"start":{"line":31,"column":0},"end":{"line":34,"column":1}},"6":{"start":{"line":32,"column":18},"end":{"line":32,"column":95}},"7":{"start":{"line":33,"column":4},"end":{"line":33,"column":16}},"8":{"start":{"line":35,"column":13},"end":{"line":35,"column":47}},"9":{"start":{"line":39,"column":17},"end":{"line":43,"column":5}},"10":{"start":{"line":45,"column":4},"end":{"line":45,"column":37}},"11":{"start":{"line":48,"column":0},"end":{"line":49,"column":31}}},"fnMap":{"0":{"name":"(anonymous_0)","decl":{"start":{"line":31,"column":39},"end":{"line":31,"column":40}},"loc":{"start":{"line":31,"column":49},"end":{"line":34,"column":1}},"line":31},"1":{"name":"validateUser","decl":{"start":{"line":38,"column":9},"end":{"line":38,"column":21}},"loc":{"start":{"line":38,"column":27},"end":{"line":46,"column":1}},"line":38}},"branchMap":{},"s":{"0":4,"1":4,"2":4,"3":4,"4":4,"5":4,"6":10,"7":10,"8":4,"9":0,"10":0,"11":4},"f":{"0":10,"1":0},"b":{},"_coverageSchema":"1a1c01bbd47fc00a2c39e90264f33305004495a9","hash":"e1790a75702aee2353d46b33eef38364259749bf"}
,"C:\\Users\\RohanDeepakPaspallu\\Desktop\\git\\node-express\\ExpressJS\\routes-vidly\\auth.js": {"path":"C:\\Users\\RohanDeepakPaspallu\\Desktop\\git\\node-express\\ExpressJS\\routes-vidly\\auth.js","statementMap":{"0":{"start":{"line":1,"column":15},"end":{"line":1,"column":32}},"1":{"start":{"line":2,"column":12},"end":{"line":2,"column":35}},"2":{"start":{"line":3,"column":15},"end":{"line":3,"column":32}},"3":{"start":{"line":4,"column":10},"end":{"line":4,"column":27}},"4":{"start":{"line":5,"column":15},"end":{"line":5,"column":41}},"5":{"start":{"line":6,"column":17},"end":{"line":6,"column":36}},"6":{"start":{"line":7,"column":16},"end":{"line":7,"column":34}},"7":{"start":{"line":8,"column":15},"end":{"line":8,"column":31}},"8":{"start":{"line":9,"column":12},"end":{"line":9,"column":26}},"9":{"start":{"line":11,"column":0},"end":{"line":26,"column":2}},"10":{"start":{"line":12,"column":19},"end":{"line":12,"column":37}},"11":{"start":{"line":13,"column":4},"end":{"line":13,"column":67}},"12":{"start":{"line":13,"column":14},"end":{"line":13,"column":67}},"13":{"start":{"line":14,"column":15},"end":{"line":16,"column":6}},"14":{"start":{"line":17,"column":4},"end":{"line":17,"column":70}},"15":{"start":{"line":17,"column":14},"end":{"line":17,"column":70}},"16":{"start":{"line":19,"column":26},"end":{"line":19,"column":80}},"17":{"start":{"line":21,"column":4},"end":{"line":21,"column":79}},"18":{"start":{"line":21,"column":23},"end":{"line":21,"column":79}},"19":{"start":{"line":23,"column":18},"end":{"line":23,"column":42}},"20":{"start":{"line":25,"column":4},"end":{"line":25,"column":19}},"21":{"start":{"line":29,"column":17},"end":{"line":32,"column":5}},"22":{"start":{"line":34,"column":4},"end":{"line":34,"column":36}},"23":{"start":{"line":38,"column":0},"end":{"line":38,"column":23}}},"fnMap":{"0":{"name":"(anonymous_0)","decl":{"start":{"line":11,"column":17},"end":{"line":11,"column":18}},"loc":{"start":{"line":11,"column":34},"end":{"line":26,"column":1}},"line":11},"1":{"name":"validate","decl":{"start":{"line":28,"column":9},"end":{"line":28,"column":17}},"loc":{"start":{"line":28,"column":22},"end":{"line":35,"column":1}},"line":28}},"branchMap":{"0":{"loc":{"start":{"line":13,"column":4},"end":{"line":13,"column":67}},"type":"if","locations":[{"start":{"line":13,"column":4},"end":{"line":13,"column":67}},{"start":{},"end":{}}],"line":13},"1":{"loc":{"start":{"line":17,"column":4},"end":{"line":17,"column":70}},"type":"if","locations":[{"start":{"line":17,"column":4},"end":{"line":17,"column":70}},{"start":{},"end":{}}],"line":17},"2":{"loc":{"start":{"line":21,"column":4},"end":{"line":21,"column":79}},"type":"if","locations":[{"start":{"line":21,"column":4},"end":{"line":21,"column":79}},{"start":{},"end":{}}],"line":21}},"s":{"0":2,"1":2,"2":2,"3":2,"4":2,"5":2,"6":2,"7":2,"8":2,"9":2,"10":0,"11":0,"12":0,"13":0,"14":0,"15":0,"16":0,"17":0,"18":0,"19":0,"20":0,"21":0,"22":0,"23":2},"f":{"0":0,"1":0},"b":{"0":[0,0],"1":[0,0],"2":[0,0]},"_coverageSchema":"1a1c01bbd47fc00a2c39e90264f33305004495a9","hash":"6c27f591cbffbb12bdba8ef03ee13c14714b6623"}
,"C:\\Users\\RohanDeepakPaspallu\\Desktop\\git\\node-express\\ExpressJS\\routes-vidly\\customers.js": {"path":"C:\\Users\\RohanDeepakPaspallu\\Desktop\\git\\node-express\\ExpressJS\\routes-vidly\\customers.js","statementMap":{"0":{"start":{"line":1,"column":16},"end":{"line":1,"column":34}},"1":{"start":{"line":2,"column":17},"end":{"line":2,"column":36}},"2":{"start":{"line":3,"column":15},"end":{"line":3,"column":31}},"3":{"start":{"line":4,"column":12},"end":{"line":4,"column":26}},"4":{"start":{"line":5,"column":16},"end":{"line":5,"column":48}},"5":{"start":{"line":6,"column":29},"end":{"line":6,"column":59}},"6":{"start":{"line":8,"column":0},"end":{"line":12,"column":2}},"7":{"start":{"line":9,"column":22},"end":{"line":9,"column":58}},"8":{"start":{"line":11,"column":4},"end":{"line":11,"column":23}},"9":{"start":{"line":15,"column":0},"end":{"line":21,"column":2}},"10":{"start":{"line":16,"column":21},"end":{"line":16,"column":59}},"11":{"start":{"line":18,"column":4},"end":{"line":18,"column":67}},"12":{"start":{"line":18,"column":18},"end":{"line":18,"column":67}},"13":{"start":{"line":19,"column":4},"end":{"line":19,"column":22}},"14":{"start":{"line":24,"column":0},"end":{"line":38,"column":2}},"15":{"start":{"line":26,"column":20},"end":{"line":26,"column":38}},"16":{"start":{"line":28,"column":4},"end":{"line":28,"column":67}},"17":{"start":{"line":28,"column":14},"end":{"line":28,"column":67}},"18":{"start":{"line":30,"column":19},"end":{"line":34,"column":6}},"19":{"start":{"line":35,"column":4},"end":{"line":35,"column":36}},"20":{"start":{"line":37,"column":4},"end":{"line":37,"column":22}},"21":{"start":{"line":41,"column":0},"end":{"line":55,"column":2}},"22":{"start":{"line":43,"column":20},"end":{"line":43,"column":38}},"23":{"start":{"line":45,"column":4},"end":{"line":45,"column":67}},"24":{"start":{"line":45,"column":14},"end":{"line":45,"column":67}},"25":{"start":{"line":47,"column":21},"end":{"line":51,"column":19}},"26":{"start":{"line":53,"column":4},"end":{"line":53,"column":67}},"27":{"start":{"line":53,"column":18},"end":{"line":53,"column":67}},"28":{"start":{"line":54,"column":4},"end":{"line":54,"column":22}},"29":{"start":{"line":58,"column":0},"end":{"line":64,"column":2}},"30":{"start":{"line":59,"column":21},"end":{"line":59,"column":68}},"31":{"start":{"line":61,"column":4},"end":{"line":61,"column":67}},"32":{"start":{"line":61,"column":18},"end":{"line":61,"column":67}},"33":{"start":{"line":63,"column":4},"end":{"line":63,"column":22}},"34":{"start":{"line":66,"column":0},"end":{"line":66,"column":23}}},"fnMap":{"0":{"name":"(anonymous_0)","decl":{"start":{"line":8,"column":16},"end":{"line":8,"column":17}},"loc":{"start":{"line":8,"column":34},"end":{"line":12,"column":1}},"line":8},"1":{"name":"(anonymous_1)","decl":{"start":{"line":15,"column":19},"end":{"line":15,"column":20}},"loc":{"start":{"line":15,"column":37},"end":{"line":21,"column":1}},"line":15},"2":{"name":"(anonymous_2)","decl":{"start":{"line":24,"column":17},"end":{"line":24,"column":18}},"loc":{"start":{"line":24,"column":35},"end":{"line":38,"column":1}},"line":24},"3":{"name":"(anonymous_3)","decl":{"start":{"line":41,"column":19},"end":{"line":41,"column":20}},"loc":{"start":{"line":41,"column":37},"end":{"line":55,"column":1}},"line":41},"4":{"name":"(anonymous_4)","decl":{"start":{"line":58,"column":22},"end":{"line":58,"column":23}},"loc":{"start":{"line":58,"column":40},"end":{"line":64,"column":1}},"line":58}},"branchMap":{"0":{"loc":{"start":{"line":18,"column":4},"end":{"line":18,"column":67}},"type":"if","locations":[{"start":{"line":18,"column":4},"end":{"line":18,"column":67}},{"start":{},"end":{}}],"line":18},"1":{"loc":{"start":{"line":28,"column":4},"end":{"line":28,"column":67}},"type":"if","locations":[{"start":{"line":28,"column":4},"end":{"line":28,"column":67}},{"start":{},"end":{}}],"line":28},"2":{"loc":{"start":{"line":45,"column":4},"end":{"line":45,"column":67}},"type":"if","locations":[{"start":{"line":45,"column":4},"end":{"line":45,"column":67}},{"start":{},"end":{}}],"line":45},"3":{"loc":{"start":{"line":53,"column":4},"end":{"line":53,"column":67}},"type":"if","locations":[{"start":{"line":53,"column":4},"end":{"line":53,"column":67}},{"start":{},"end":{}}],"line":53},"4":{"loc":{"start":{"line":61,"column":4},"end":{"line":61,"column":67}},"type":"if","locations":[{"start":{"line":61,"column":4},"end":{"line":61,"column":67}},{"start":{},"end":{}}],"line":61}},"s":{"0":2,"1":2,"2":2,"3":2,"4":2,"5":2,"6":2,"7":0,"8":0,"9":2,"10":0,"11":0,"12":0,"13":0,"14":2,"15":0,"16":0,"17":0,"18":0,"19":0,"20":0,"21":2,"22":0,"23":0,"24":0,"25":0,"26":0,"27":0,"28":0,"29":2,"30":0,"31":0,"32":0,"33":0,"34":2},"f":{"0":0,"1":0,"2":0,"3":0,"4":0},"b":{"0":[0,0],"1":[0,0],"2":[0,0],"3":[0,0],"4":[0,0]},"_coverageSchema":"1a1c01bbd47fc00a2c39e90264f33305004495a9","hash":"fdb0469124dd69f57701939ac79ab24f358b0680"}
,"C:\\Users\\RohanDeepakPaspallu\\Desktop\\git\\node-express\\ExpressJS\\routes-vidly\\genres.js": {"path":"C:\\Users\\RohanDeepakPaspallu\\Desktop\\git\\node-express\\ExpressJS\\routes-vidly\\genres.js","statementMap":{"0":{"start":{"line":1,"column":16},"end":{"line":1,"column":34}},"1":{"start":{"line":2,"column":17},"end":{"line":2,"column":36}},"2":{"start":{"line":3,"column":15},"end":{"line":3,"column":31}},"3":{"start":{"line":4,"column":12},"end":{"line":4,"column":26}},"4":{"start":{"line":5,"column":26},"end":{"line":5,"column":53}},"5":{"start":{"line":6,"column":13},"end":{"line":6,"column":42}},"6":{"start":{"line":7,"column":14},"end":{"line":7,"column":44}},"7":{"start":{"line":8,"column":25},"end":{"line":8,"column":66}},"8":{"start":{"line":12,"column":0},"end":{"line":16,"column":2}},"9":{"start":{"line":14,"column":20},"end":{"line":14,"column":51}},"10":{"start":{"line":15,"column":4},"end":{"line":15,"column":20}},"11":{"start":{"line":18,"column":0},"end":{"line":27,"column":2}},"12":{"start":{"line":22,"column":18},"end":{"line":22,"column":53}},"13":{"start":{"line":24,"column":4},"end":{"line":24,"column":62}},"14":{"start":{"line":24,"column":16},"end":{"line":24,"column":62}},"15":{"start":{"line":25,"column":4},"end":{"line":25,"column":19}},"16":{"start":{"line":29,"column":0},"end":{"line":39,"column":2}},"17":{"start":{"line":31,"column":20},"end":{"line":31,"column":38}},"18":{"start":{"line":33,"column":4},"end":{"line":33,"column":67}},"19":{"start":{"line":33,"column":14},"end":{"line":33,"column":67}},"20":{"start":{"line":35,"column":16},"end":{"line":35,"column":48}},"21":{"start":{"line":37,"column":4},"end":{"line":37,"column":30}},"22":{"start":{"line":38,"column":4},"end":{"line":38,"column":19}},"23":{"start":{"line":43,"column":0},"end":{"line":57,"column":2}},"24":{"start":{"line":45,"column":20},"end":{"line":45,"column":38}},"25":{"start":{"line":47,"column":4},"end":{"line":47,"column":67}},"26":{"start":{"line":47,"column":14},"end":{"line":47,"column":67}},"27":{"start":{"line":49,"column":18},"end":{"line":51,"column":6}},"28":{"start":{"line":53,"column":4},"end":{"line":53,"column":62}},"29":{"start":{"line":53,"column":16},"end":{"line":53,"column":62}},"30":{"start":{"line":55,"column":4},"end":{"line":55,"column":19}},"31":{"start":{"line":59,"column":0},"end":{"line":66,"column":2}},"32":{"start":{"line":61,"column":18},"end":{"line":61,"column":62}},"33":{"start":{"line":63,"column":4},"end":{"line":63,"column":62}},"34":{"start":{"line":63,"column":16},"end":{"line":63,"column":62}},"35":{"start":{"line":65,"column":4},"end":{"line":65,"column":19}},"36":{"start":{"line":70,"column":0},"end":{"line":70,"column":23}}},"fnMap":{"0":{"name":"(anonymous_0)","decl":{"start":{"line":12,"column":15},"end":{"line":12,"column":16}},"loc":{"start":{"line":12,"column":35},"end":{"line":16,"column":1}},"line":12},"1":{"name":"(anonymous_1)","decl":{"start":{"line":18,"column":37},"end":{"line":18,"column":38}},"loc":{"start":{"line":18,"column":57},"end":{"line":27,"column":1}},"line":18},"2":{"name":"(anonymous_2)","decl":{"start":{"line":29,"column":22},"end":{"line":29,"column":23}},"loc":{"start":{"line":29,"column":42},"end":{"line":39,"column":1}},"line":29},"3":{"name":"(anonymous_3)","decl":{"start":{"line":43,"column":19},"end":{"line":43,"column":20}},"loc":{"start":{"line":43,"column":39},"end":{"line":57,"column":1}},"line":43},"4":{"name":"(anonymous_4)","decl":{"start":{"line":59,"column":36},"end":{"line":59,"column":37}},"loc":{"start":{"line":59,"column":55},"end":{"line":66,"column":1}},"line":59}},"branchMap":{"0":{"loc":{"start":{"line":24,"column":4},"end":{"line":24,"column":62}},"type":"if","locations":[{"start":{"line":24,"column":4},"end":{"line":24,"column":62}},{"start":{},"end":{}}],"line":24},"1":{"loc":{"start":{"line":33,"column":4},"end":{"line":33,"column":67}},"type":"if","locations":[{"start":{"line":33,"column":4},"end":{"line":33,"column":67}},{"start":{},"end":{}}],"line":33},"2":{"loc":{"start":{"line":47,"column":4},"end":{"line":47,"column":67}},"type":"if","locations":[{"start":{"line":47,"column":4},"end":{"line":47,"column":67}},{"start":{},"end":{}}],"line":47},"3":{"loc":{"start":{"line":53,"column":4},"end":{"line":53,"column":62}},"type":"if","locations":[{"start":{"line":53,"column":4},"end":{"line":53,"column":62}},{"start":{},"end":{}}],"line":53},"4":{"loc":{"start":{"line":63,"column":4},"end":{"line":63,"column":62}},"type":"if","locations":[{"start":{"line":63,"column":4},"end":{"line":63,"column":62}},{"start":{},"end":{}}],"line":63}},"s":{"0":2,"1":2,"2":2,"3":2,"4":2,"5":2,"6":2,"7":2,"8":2,"9":1,"10":1,"11":2,"12":1,"13":1,"14":0,"15":1,"16":2,"17":5,"18":5,"19":2,"20":3,"21":3,"22":3,"23":2,"24":0,"25":0,"26":0,"27":0,"28":0,"29":0,"30":0,"31":2,"32":0,"33":0,"34":0,"35":0,"36":2},"f":{"0":1,"1":1,"2":5,"3":0,"4":0},"b":{"0":[0,1],"1":[2,3],"2":[0,0],"3":[0,0],"4":[0,0]},"_coverageSchema":"1a1c01bbd47fc00a2c39e90264f33305004495a9","hash":"90b51878b5bf635cba1e7133a8a507e870759ebc"}
,"C:\\Users\\RohanDeepakPaspallu\\Desktop\\git\\node-express\\ExpressJS\\routes-vidly\\movies.js": {"path":"C:\\Users\\RohanDeepakPaspallu\\Desktop\\git\\node-express\\ExpressJS\\routes-vidly\\movies.js","statementMap":{"0":{"start":{"line":1,"column":15},"end":{"line":1,"column":33}},"1":{"start":{"line":2,"column":15},"end":{"line":2,"column":31}},"2":{"start":{"line":3,"column":17},"end":{"line":3,"column":36}},"3":{"start":{"line":4,"column":25},"end":{"line":4,"column":52}},"4":{"start":{"line":5,"column":16},"end":{"line":5,"column":43}},"5":{"start":{"line":7,"column":0},"end":{"line":12,"column":2}},"6":{"start":{"line":9,"column":19},"end":{"line":9,"column":50}},"7":{"start":{"line":10,"column":4},"end":{"line":10,"column":20}},"8":{"start":{"line":14,"column":0},"end":{"line":18,"column":2}},"9":{"start":{"line":15,"column":18},"end":{"line":15,"column":53}},"10":{"start":{"line":17,"column":4},"end":{"line":17,"column":61}},"11":{"start":{"line":17,"column":15},"end":{"line":17,"column":61}},"12":{"start":{"line":21,"column":0},"end":{"line":42,"column":2}},"13":{"start":{"line":23,"column":20},"end":{"line":23,"column":38}},"14":{"start":{"line":25,"column":4},"end":{"line":25,"column":67}},"15":{"start":{"line":25,"column":14},"end":{"line":25,"column":67}},"16":{"start":{"line":27,"column":18},"end":{"line":27,"column":56}},"17":{"start":{"line":28,"column":4},"end":{"line":28,"column":59}},"18":{"start":{"line":28,"column":15},"end":{"line":28,"column":59}},"19":{"start":{"line":29,"column":16},"end":{"line":37,"column":6}},"20":{"start":{"line":39,"column":4},"end":{"line":39,"column":30}},"21":{"start":{"line":40,"column":4},"end":{"line":40,"column":19}},"22":{"start":{"line":44,"column":0},"end":{"line":54,"column":2}},"23":{"start":{"line":45,"column":18},"end":{"line":50,"column":19}},"24":{"start":{"line":52,"column":4},"end":{"line":52,"column":61}},"25":{"start":{"line":52,"column":15},"end":{"line":52,"column":61}},"26":{"start":{"line":53,"column":4},"end":{"line":53,"column":19}},"27":{"start":{"line":56,"column":0},"end":{"line":59,"column":2}},"28":{"start":{"line":57,"column":16},"end":{"line":57,"column":60}},"29":{"start":{"line":58,"column":2},"end":{"line":58,"column":17}},"30":{"start":{"line":61,"column":0},"end":{"line":61,"column":23}}},"fnMap":{"0":{"name":"(anonymous_0)","decl":{"start":{"line":7,"column":16},"end":{"line":7,"column":17}},"loc":{"start":{"line":7,"column":32},"end":{"line":12,"column":1}},"line":7},"1":{"name":"(anonymous_1)","decl":{"start":{"line":14,"column":19},"end":{"line":14,"column":20}},"loc":{"start":{"line":14,"column":35},"end":{"line":18,"column":1}},"line":14},"2":{"name":"(anonymous_2)","decl":{"start":{"line":21,"column":17},"end":{"line":21,"column":18}},"loc":{"start":{"line":21,"column":33},"end":{"line":42,"column":1}},"line":21},"3":{"name":"(anonymous_3)","decl":{"start":{"line":44,"column":19},"end":{"line":44,"column":20}},"loc":{"start":{"line":44,"column":35},"end":{"line":54,"column":1}},"line":44},"4":{"name":"(anonymous_4)","decl":{"start":{"line":56,"column":22},"end":{"line":56,"column":23}},"loc":{"start":{"line":56,"column":38},"end":{"line":59,"column":1}},"line":56}},"branchMap":{"0":{"loc":{"start":{"line":17,"column":4},"end":{"line":17,"column":61}},"type":"if","locations":[{"start":{"line":17,"column":4},"end":{"line":17,"column":61}},{"start":{},"end":{}}],"line":17},"1":{"loc":{"start":{"line":25,"column":4},"end":{"line":25,"column":67}},"type":"if","locations":[{"start":{"line":25,"column":4},"end":{"line":25,"column":67}},{"start":{},"end":{}}],"line":25},"2":{"loc":{"start":{"line":28,"column":4},"end":{"line":28,"column":59}},"type":"if","locations":[{"start":{"line":28,"column":4},"end":{"line":28,"column":59}},{"start":{},"end":{}}],"line":28},"3":{"loc":{"start":{"line":52,"column":4},"end":{"line":52,"column":61}},"type":"if","locations":[{"start":{"line":52,"column":4},"end":{"line":52,"column":61}},{"start":{},"end":{}}],"line":52}},"s":{"0":2,"1":2,"2":2,"3":2,"4":2,"5":2,"6":0,"7":0,"8":2,"9":0,"10":0,"11":0,"12":2,"13":0,"14":0,"15":0,"16":0,"17":0,"18":0,"19":0,"20":0,"21":0,"22":2,"23":0,"24":0,"25":0,"26":0,"27":2,"28":0,"29":0,"30":2},"f":{"0":0,"1":0,"2":0,"3":0,"4":0},"b":{"0":[0,0],"1":[0,0],"2":[0,0],"3":[0,0]},"_coverageSchema":"1a1c01bbd47fc00a2c39e90264f33305004495a9","hash":"5c46b49438a681472150de3bd8c9bd057e0f20ad"}
,"C:\\Users\\RohanDeepakPaspallu\\Desktop\\git\\node-express\\ExpressJS\\routes-vidly\\rental.js": {"path":"C:\\Users\\RohanDeepakPaspallu\\Desktop\\git\\node-express\\ExpressJS\\routes-vidly\\rental.js","statementMap":{"0":{"start":{"line":1,"column":27},"end":{"line":1,"column":54}},"1":{"start":{"line":2,"column":16},"end":{"line":2,"column":43}},"2":{"start":{"line":3,"column":19},"end":{"line":3,"column":49}},"3":{"start":{"line":4,"column":17},"end":{"line":4,"column":36}},"4":{"start":{"line":5,"column":15},"end":{"line":5,"column":33}},"5":{"start":{"line":6,"column":13},"end":{"line":6,"column":28}},"6":{"start":{"line":7,"column":15},"end":{"line":7,"column":31}},"7":{"start":{"line":10,"column":0},"end":{"line":13,"column":2}},"8":{"start":{"line":11,"column":21},"end":{"line":11,"column":57}},"9":{"start":{"line":12,"column":4},"end":{"line":12,"column":21}},"10":{"start":{"line":15,"column":0},"end":{"line":58,"column":2}},"11":{"start":{"line":16,"column":20},"end":{"line":16,"column":38}},"12":{"start":{"line":17,"column":4},"end":{"line":17,"column":67}},"13":{"start":{"line":17,"column":14},"end":{"line":17,"column":67}},"14":{"start":{"line":18,"column":21},"end":{"line":18,"column":65}},"15":{"start":{"line":19,"column":4},"end":{"line":19,"column":65}},"16":{"start":{"line":19,"column":18},"end":{"line":19,"column":65}},"17":{"start":{"line":21,"column":18},"end":{"line":21,"column":56}},"18":{"start":{"line":22,"column":4},"end":{"line":22,"column":82}},"19":{"start":{"line":22,"column":15},"end":{"line":22,"column":82}},"20":{"start":{"line":24,"column":4},"end":{"line":24,"column":81}},"21":{"start":{"line":24,"column":32},"end":{"line":24,"column":81}},"22":{"start":{"line":26,"column":17},"end":{"line":39,"column":6}},"23":{"start":{"line":40,"column":4},"end":{"line":40,"column":32}},"24":{"start":{"line":41,"column":4},"end":{"line":41,"column":26}},"25":{"start":{"line":42,"column":4},"end":{"line":42,"column":16}},"26":{"start":{"line":57,"column":4},"end":{"line":57,"column":20}},"27":{"start":{"line":60,"column":0},"end":{"line":60,"column":23}}},"fnMap":{"0":{"name":"(anonymous_0)","decl":{"start":{"line":10,"column":16},"end":{"line":10,"column":17}},"loc":{"start":{"line":10,"column":33},"end":{"line":13,"column":1}},"line":10},"1":{"name":"(anonymous_1)","decl":{"start":{"line":15,"column":17},"end":{"line":15,"column":18}},"loc":{"start":{"line":15,"column":34},"end":{"line":58,"column":1}},"line":15}},"branchMap":{"0":{"loc":{"start":{"line":17,"column":4},"end":{"line":17,"column":67}},"type":"if","locations":[{"start":{"line":17,"column":4},"end":{"line":17,"column":67}},{"start":{},"end":{}}],"line":17},"1":{"loc":{"start":{"line":19,"column":4},"end":{"line":19,"column":65}},"type":"if","locations":[{"start":{"line":19,"column":4},"end":{"line":19,"column":65}},{"start":{},"end":{}}],"line":19},"2":{"loc":{"start":{"line":22,"column":4},"end":{"line":22,"column":82}},"type":"if","locations":[{"start":{"line":22,"column":4},"end":{"line":22,"column":82}},{"start":{},"end":{}}],"line":22},"3":{"loc":{"start":{"line":24,"column":4},"end":{"line":24,"column":81}},"type":"if","locations":[{"start":{"line":24,"column":4},"end":{"line":24,"column":81}},{"start":{},"end":{}}],"line":24}},"s":{"0":2,"1":2,"2":2,"3":2,"4":2,"5":2,"6":2,"7":2,"8":0,"9":0,"10":2,"11":0,"12":0,"13":0,"14":0,"15":0,"16":0,"17":0,"18":0,"19":0,"20":0,"21":0,"22":0,"23":0,"24":0,"25":0,"26":0,"27":2},"f":{"0":0,"1":0},"b":{"0":[0,0],"1":[0,0],"2":[0,0],"3":[0,0]},"_coverageSchema":"1a1c01bbd47fc00a2c39e90264f33305004495a9","hash":"de94e3cfb5160ff5080eccbdf4f3c46436cf6c72"}
,"C:\\Users\\RohanDeepakPaspallu\\Desktop\\git\\node-express\\ExpressJS\\routes-vidly\\users.js": {"path":"C:\\Users\\RohanDeepakPaspallu\\Desktop\\git\\node-express\\ExpressJS\\routes-vidly\\users.js","statementMap":{"0":{"start":{"line":1,"column":13},"end":{"line":1,"column":42}},"1":{"start":{"line":2,"column":15},"end":{"line":2,"column":32}},"2":{"start":{"line":3,"column":12},"end":{"line":3,"column":35}},"3":{"start":{"line":4,"column":15},"end":{"line":4,"column":32}},"4":{"start":{"line":5,"column":10},"end":{"line":5,"column":27}},"5":{"start":{"line":6,"column":25},"end":{"line":6,"column":51}},"6":{"start":{"line":7,"column":17},"end":{"line":7,"column":36}},"7":{"start":{"line":8,"column":16},"end":{"line":8,"column":34}},"8":{"start":{"line":9,"column":15},"end":{"line":9,"column":31}},"9":{"start":{"line":11,"column":0},"end":{"line":14,"column":2}},"10":{"start":{"line":12,"column":17},"end":{"line":12,"column":70}},"11":{"start":{"line":13,"column":4},"end":{"line":13,"column":18}},"12":{"start":{"line":16,"column":0},"end":{"line":31,"column":2}},"13":{"start":{"line":17,"column":19},"end":{"line":17,"column":37}},"14":{"start":{"line":18,"column":4},"end":{"line":18,"column":67}},"15":{"start":{"line":18,"column":14},"end":{"line":18,"column":67}},"16":{"start":{"line":19,"column":15},"end":{"line":21,"column":6}},"17":{"start":{"line":22,"column":4},"end":{"line":22,"column":67}},"18":{"start":{"line":22,"column":13},"end":{"line":22,"column":67}},"19":{"start":{"line":24,"column":4},"end":{"line":24,"column":68}},"20":{"start":{"line":25,"column":17},"end":{"line":25,"column":41}},"21":{"start":{"line":26,"column":4},"end":{"line":26,"column":58}},"22":{"start":{"line":28,"column":4},"end":{"line":28,"column":21}},"23":{"start":{"line":29,"column":18},"end":{"line":29,"column":42}},"24":{"start":{"line":30,"column":4},"end":{"line":30,"column":82}},"25":{"start":{"line":33,"column":0},"end":{"line":33,"column":23}}},"fnMap":{"0":{"name":"(anonymous_0)","decl":{"start":{"line":11,"column":23},"end":{"line":11,"column":24}},"loc":{"start":{"line":11,"column":40},"end":{"line":14,"column":1}},"line":11},"1":{"name":"(anonymous_1)","decl":{"start":{"line":16,"column":17},"end":{"line":16,"column":18}},"loc":{"start":{"line":16,"column":34},"end":{"line":31,"column":1}},"line":16}},"branchMap":{"0":{"loc":{"start":{"line":18,"column":4},"end":{"line":18,"column":67}},"type":"if","locations":[{"start":{"line":18,"column":4},"end":{"line":18,"column":67}},{"start":{},"end":{}}],"line":18},"1":{"loc":{"start":{"line":22,"column":4},"end":{"line":22,"column":67}},"type":"if","locations":[{"start":{"line":22,"column":4},"end":{"line":22,"column":67}},{"start":{},"end":{}}],"line":22}},"s":{"0":2,"1":2,"2":2,"3":2,"4":2,"5":2,"6":2,"7":2,"8":2,"9":2,"10":0,"11":0,"12":2,"13":0,"14":0,"15":0,"16":0,"17":0,"18":0,"19":0,"20":0,"21":0,"22":0,"23":0,"24":0,"25":2},"f":{"0":0,"1":0},"b":{"0":[0,0],"1":[0,0]},"_coverageSchema":"1a1c01bbd47fc00a2c39e90264f33305004495a9","hash":"082cab9af79de9a77c5d531e3044018b58756030"}
,"C:\\Users\\RohanDeepakPaspallu\\Desktop\\git\\node-express\\ExpressJS\\startup\\config.js": {"path":"C:\\Users\\RohanDeepakPaspallu\\Desktop\\git\\node-express\\ExpressJS\\startup\\config.js","statementMap":{"0":{"start":{"line":1,"column":15},"end":{"line":1,"column":32}},"1":{"start":{"line":2,"column":0},"end":{"line":7,"column":1}},"2":{"start":{"line":3,"column":4},"end":{"line":6,"column":5}},"3":{"start":{"line":4,"column":8},"end":{"line":4,"column":63}},"4":{"start":{"line":5,"column":8},"end":{"line":5,"column":23}}},"fnMap":{"0":{"name":"(anonymous_0)","decl":{"start":{"line":2,"column":17},"end":{"line":2,"column":18}},"loc":{"start":{"line":2,"column":27},"end":{"line":7,"column":1}},"line":2}},"branchMap":{"0":{"loc":{"start":{"line":3,"column":4},"end":{"line":6,"column":5}},"type":"if","locations":[{"start":{"line":3,"column":4},"end":{"line":6,"column":5}},{"start":{},"end":{}}],"line":3}},"s":{"0":2,"1":2,"2":2,"3":0,"4":0},"f":{"0":2},"b":{"0":[0,2]},"_coverageSchema":"1a1c01bbd47fc00a2c39e90264f33305004495a9","hash":"af3e41a461d9ab5d01b53048505d9ddc2e16c5d5"}
,"C:\\Users\\RohanDeepakPaspallu\\Desktop\\git\\node-express\\ExpressJS\\startup\\db.js": {"path":"C:\\Users\\RohanDeepakPaspallu\\Desktop\\git\\node-express\\ExpressJS\\startup\\db.js","statementMap":{"0":{"start":{"line":1,"column":17},"end":{"line":1,"column":36}},"1":{"start":{"line":2,"column":16},"end":{"line":2,"column":34}},"2":{"start":{"line":3,"column":15},"end":{"line":3,"column":32}},"3":{"start":{"line":4,"column":0},"end":{"line":8,"column":1}},"4":{"start":{"line":5,"column":15},"end":{"line":5,"column":31}},"5":{"start":{"line":6,"column":4},"end":{"line":7,"column":49}},"6":{"start":{"line":7,"column":14},"end":{"line":7,"column":48}}},"fnMap":{"0":{"name":"(anonymous_0)","decl":{"start":{"line":4,"column":17},"end":{"line":4,"column":18}},"loc":{"start":{"line":4,"column":27},"end":{"line":8,"column":1}},"line":4},"1":{"name":"(anonymous_1)","decl":{"start":{"line":7,"column":10},"end":{"line":7,"column":11}},"loc":{"start":{"line":7,"column":14},"end":{"line":7,"column":48}},"line":7}},"branchMap":{},"s":{"0":2,"1":2,"2":2,"3":2,"4":2,"5":2,"6":2},"f":{"0":2,"1":2},"b":{},"_coverageSchema":"1a1c01bbd47fc00a2c39e90264f33305004495a9","hash":"4984558b673825f6b084dc2d6d9eb475a0b29124"}
,"C:\\Users\\RohanDeepakPaspallu\\Desktop\\git\\node-express\\ExpressJS\\startup\\logging.js": {"path":"C:\\Users\\RohanDeepakPaspallu\\Desktop\\git\\node-express\\ExpressJS\\startup\\logging.js","statementMap":{"0":{"start":{"line":1,"column":0},"end":{"line":1,"column":31}},"1":{"start":{"line":2,"column":16},"end":{"line":2,"column":34}},"2":{"start":{"line":3,"column":0},"end":{"line":3,"column":26}},"3":{"start":{"line":5,"column":0},"end":{"line":31,"column":1}},"4":{"start":{"line":12,"column":4},"end":{"line":15,"column":5}},"5":{"start":{"line":17,"column":4},"end":{"line":22,"column":6}},"6":{"start":{"line":21,"column":8},"end":{"line":21,"column":16}},"7":{"start":{"line":24,"column":4},"end":{"line":24,"column":68}},"8":{"start":{"line":25,"column":4},"end":{"line":25,"column":93}}},"fnMap":{"0":{"name":"(anonymous_0)","decl":{"start":{"line":5,"column":17},"end":{"line":5,"column":18}},"loc":{"start":{"line":5,"column":27},"end":{"line":31,"column":1}},"line":5},"1":{"name":"(anonymous_1)","decl":{"start":{"line":17,"column":37},"end":{"line":17,"column":38}},"loc":{"start":{"line":17,"column":42},"end":{"line":22,"column":5}},"line":17}},"branchMap":{},"s":{"0":2,"1":2,"2":2,"3":2,"4":2,"5":2,"6":0,"7":2,"8":2},"f":{"0":2,"1":0},"b":{},"_coverageSchema":"1a1c01bbd47fc00a2c39e90264f33305004495a9","hash":"e08603880c66b9d99a21f672170d34e6ca4014eb"}
,"C:\\Users\\RohanDeepakPaspallu\\Desktop\\git\\node-express\\ExpressJS\\startup\\routes.js": {"path":"C:\\Users\\RohanDeepakPaspallu\\Desktop\\git\\node-express\\ExpressJS\\startup\\routes.js","statementMap":{"0":{"start":{"line":1,"column":15},"end":{"line":1,"column":48}},"1":{"start":{"line":2,"column":18},"end":{"line":2,"column":54}},"2":{"start":{"line":3,"column":15},"end":{"line":3,"column":48}},"3":{"start":{"line":4,"column":15},"end":{"line":4,"column":48}},"4":{"start":{"line":5,"column":14},"end":{"line":5,"column":46}},"5":{"start":{"line":6,"column":13},"end":{"line":6,"column":44}},"6":{"start":{"line":7,"column":14},"end":{"line":7,"column":44}},"7":{"start":{"line":8,"column":16},"end":{"line":8,"column":34}},"8":{"start":{"line":10,"column":0},"end":{"line":23,"column":1}},"9":{"start":{"line":11,"column":4},"end":{"line":11,"column":27}},"10":{"start":{"line":12,"column":4},"end":{"line":12,"column":40}},"11":{"start":{"line":13,"column":4},"end":{"line":13,"column":33}},"12":{"start":{"line":14,"column":4},"end":{"line":14,"column":32}},"13":{"start":{"line":15,"column":4},"end":{"line":15,"column":34}},"14":{"start":{"line":16,"column":4},"end":{"line":16,"column":34}},"15":{"start":{"line":17,"column":4},"end":{"line":17,"column":30}},"16":{"start":{"line":18,"column":4},"end":{"line":18,"column":18}},"17":{"start":{"line":20,"column":4},"end":{"line":22,"column":6}},"18":{"start":{"line":21,"column":8},"end":{"line":21,"column":36}}},"fnMap":{"0":{"name":"(anonymous_0)","decl":{"start":{"line":10,"column":17},"end":{"line":10,"column":18}},"loc":{"start":{"line":10,"column":30},"end":{"line":23,"column":1}},"line":10},"1":{"name":"(anonymous_1)","decl":{"start":{"line":20,"column":16},"end":{"line":20,"column":17}},"loc":{"start":{"line":20,"column":28},"end":{"line":22,"column":5}},"line":20}},"branchMap":{},"s":{"0":2,"1":2,"2":2,"3":2,"4":2,"5":2,"6":2,"7":2,"8":2,"9":2,"10":2,"11":2,"12":2,"13":2,"14":2,"15":2,"16":2,"17":2,"18":0},"f":{"0":2,"1":0},"b":{},"_coverageSchema":"1a1c01bbd47fc00a2c39e90264f33305004495a9","hash":"91208e772d765f33856265f453d1cacca30c7f86"}
,"C:\\Users\\RohanDeepakPaspallu\\Desktop\\git\\node-express\\ExpressJS\\startup\\validation.js": {"path":"C:\\Users\\RohanDeepakPaspallu\\Desktop\\git\\node-express\\ExpressJS\\startup\\validation.js","statementMap":{"0":{"start":{"line":1,"column":12},"end":{"line":1,"column":26}},"1":{"start":{"line":2,"column":0},"end":{"line":4,"column":1}},"2":{"start":{"line":3,"column":4},"end":{"line":3,"column":47}}},"fnMap":{"0":{"name":"(anonymous_0)","decl":{"start":{"line":2,"column":17},"end":{"line":2,"column":18}},"loc":{"start":{"line":2,"column":27},"end":{"line":4,"column":1}},"line":2}},"branchMap":{},"s":{"0":2,"1":2,"2":2},"f":{"0":2},"b":{},"_coverageSchema":"1a1c01bbd47fc00a2c39e90264f33305004495a9","hash":"38511b03fe2f2fad1bd1446c964c3d0e8351c793"}
}
