TN:
SF:vidly-exercise.js
FN:26,(anonymous_0)
FN:33,(anonymous_1)
FNF:2
FNH:1
FNDA:0,(anonymous_0)
FNDA:2,(anonymous_1)
DA:1,2
DA:2,2
DA:3,2
DA:15,2
DA:16,2
DA:20,2
DA:21,2
DA:22,2
DA:23,2
DA:24,2
DA:26,2
DA:27,0
DA:32,2
DA:33,2
DA:35,2
LF:15
LH:14
BRDA:32,0,0,2
BRDA:32,0,1,2
BRF:2
BRH:2
end_of_record
TN:
SF:middleware\admin.js
FN:3,admin
FNF:1
FNH:0
FNDA:0,admin
DA:1,2
DA:2,2
DA:5,0
DA:6,0
DA:10,2
LF:5
LH:3
BRDA:5,0,0,0
BRDA:5,0,1,0
BRF:2
BRH:0
end_of_record
TN:
SF:middleware\auth.js
FN:3,auth
FNF:1
FNH:1
FNDA:9,auth
DA:1,3
DA:2,3
DA:4,9
DA:5,9
DA:7,7
DA:8,7
DA:9,6
DA:10,6
DA:13,1
DA:18,3
LF:10
LH:10
BRDA:5,0,0,2
BRDA:5,0,1,7
BRF:2
BRH:2
end_of_record
TN:
SF:middleware\error.js
FN:2,error
FNF:1
FNH:0
FNDA:0,error
DA:1,2
DA:3,0
DA:4,0
DA:7,2
LF:4
LH:2
BRF:0
BRH:0
end_of_record
TN:
SF:middleware\validateObjectId.js
FN:3,(anonymous_0)
FNF:1
FNH:1
FNDA:3,(anonymous_0)
DA:1,2
DA:3,2
DA:4,3
DA:5,1
DA:7,2
LF:5
LH:5
BRDA:4,0,0,1
BRDA:4,0,1,2
BRF:2
BRH:2
end_of_record
TN:
SF:models\customers.js
FN:25,validateCustomer
FNF:1
FNH:0
FNDA:0,validateCustomer
DA:1,2
DA:2,2
DA:4,2
DA:23,2
DA:26,0
DA:31,0
DA:34,2
DA:35,2
LF:8
LH:6
BRF:0
BRH:0
end_of_record
TN:
SF:models\genres.js
FN:15,validateGenre
FNF:1
FNH:1
FNDA:5,validateGenre
DA:1,3
DA:2,3
DA:4,3
DA:13,3
DA:16,5
DA:17,5
DA:20,3
DA:21,3
DA:22,3
LF:9
LH:9
BRF:0
BRH:0
end_of_record
TN:
SF:models\movies.js
FN:34,validateMovie
FNF:1
FNH:0
FNDA:0,validateMovie
DA:1,2
DA:2,2
DA:3,2
DA:5,2
DA:32,2
DA:35,0
DA:41,0
DA:44,2
DA:45,2
LF:9
LH:7
BRF:0
BRH:0
end_of_record
TN:
SF:models\rental.js
FN:61,validateRental
FNF:1
FNH:0
FNDA:0,validateRental
DA:1,2
DA:2,2
DA:3,2
DA:5,2
DA:59,2
DA:62,0
DA:67,0
DA:70,2
DA:71,2
LF:9
LH:7
BRF:0
BRH:0
end_of_record
TN:
SF:models\users.js
FN:31,(anonymous_0)
FN:38,validateUser
FNF:2
FNH:1
FNDA:10,(anonymous_0)
FNDA:0,validateUser
DA:1,4
DA:2,4
DA:3,4
DA:4,4
DA:6,4
DA:31,4
DA:32,10
DA:33,10
DA:35,4
DA:39,0
DA:45,0
DA:48,4
LF:12
LH:10
BRF:0
BRH:0
end_of_record
TN:
SF:routes-vidly\auth.js
FN:11,(anonymous_0)
FN:28,validate
FNF:2
FNH:0
FNDA:0,(anonymous_0)
FNDA:0,validate
DA:1,2
DA:2,2
DA:3,2
DA:4,2
DA:5,2
DA:6,2
DA:7,2
DA:8,2
DA:9,2
DA:11,2
DA:12,0
DA:13,0
DA:14,0
DA:17,0
DA:19,0
DA:21,0
DA:23,0
DA:25,0
DA:29,0
DA:34,0
DA:38,2
LF:21
LH:11
BRDA:13,0,0,0
BRDA:13,0,1,0
BRDA:17,1,0,0
BRDA:17,1,1,0
BRDA:21,2,0,0
BRDA:21,2,1,0
BRF:6
BRH:0
end_of_record
TN:
SF:routes-vidly\customers.js
FN:8,(anonymous_0)
FN:15,(anonymous_1)
FN:24,(anonymous_2)
FN:41,(anonymous_3)
FN:58,(anonymous_4)
FNF:5
FNH:0
FNDA:0,(anonymous_0)
FNDA:0,(anonymous_1)
FNDA:0,(anonymous_2)
FNDA:0,(anonymous_3)
FNDA:0,(anonymous_4)
DA:1,2
DA:2,2
DA:3,2
DA:4,2
DA:5,2
DA:6,2
DA:8,2
DA:9,0
DA:11,0
DA:15,2
DA:16,0
DA:18,0
DA:19,0
DA:24,2
DA:26,0
DA:28,0
DA:30,0
DA:35,0
DA:37,0
DA:41,2
DA:43,0
DA:45,0
DA:47,0
DA:53,0
DA:54,0
DA:58,2
DA:59,0
DA:61,0
DA:63,0
DA:66,2
LF:30
LH:12
BRDA:18,0,0,0
BRDA:18,0,1,0
BRDA:28,1,0,0
BRDA:28,1,1,0
BRDA:45,2,0,0
BRDA:45,2,1,0
BRDA:53,3,0,0
BRDA:53,3,1,0
BRDA:61,4,0,0
BRDA:61,4,1,0
BRF:10
BRH:0
end_of_record
TN:
SF:routes-vidly\genres.js
FN:12,(anonymous_0)
FN:18,(anonymous_1)
FN:29,(anonymous_2)
FN:43,(anonymous_3)
FN:59,(anonymous_4)
FNF:5
FNH:3
FNDA:1,(anonymous_0)
FNDA:2,(anonymous_1)
FNDA:5,(anonymous_2)
FNDA:0,(anonymous_3)
FNDA:0,(anonymous_4)
DA:1,2
DA:2,2
DA:3,2
DA:4,2
DA:5,2
DA:6,2
DA:7,2
DA:8,2
DA:12,2
DA:14,1
DA:15,1
DA:18,2
DA:22,2
DA:24,2
DA:25,1
DA:29,2
DA:31,5
DA:33,5
DA:35,3
DA:37,3
DA:38,3
DA:43,2
DA:45,0
DA:47,0
DA:49,0
DA:53,0
DA:55,0
DA:59,2
DA:61,0
DA:63,0
DA:65,0
DA:70,2
LF:32
LH:24
BRDA:24,0,0,1
BRDA:24,0,1,1
BRDA:33,1,0,2
BRDA:33,1,1,3
BRDA:47,2,0,0
BRDA:47,2,1,0
BRDA:53,3,0,0
BRDA:53,3,1,0
BRDA:63,4,0,0
BRDA:63,4,1,0
BRF:10
BRH:4
end_of_record
TN:
SF:routes-vidly\movies.js
FN:7,(anonymous_0)
FN:14,(anonymous_1)
FN:21,(anonymous_2)
FN:44,(anonymous_3)
FN:56,(anonymous_4)
FNF:5
FNH:0
FNDA:0,(anonymous_0)
FNDA:0,(anonymous_1)
FNDA:0,(anonymous_2)
FNDA:0,(anonymous_3)
FNDA:0,(anonymous_4)
DA:1,2
DA:2,2
DA:3,2
DA:4,2
DA:5,2
DA:7,2
DA:9,0
DA:10,0
DA:14,2
DA:15,0
DA:17,0
DA:21,2
DA:23,0
DA:25,0
DA:27,0
DA:28,0
DA:29,0
DA:39,0
DA:40,0
DA:44,2
DA:45,0
DA:52,0
DA:53,0
DA:56,2
DA:57,0
DA:58,0
DA:61,2
LF:27
LH:11
BRDA:17,0,0,0
BRDA:17,0,1,0
BRDA:25,1,0,0
BRDA:25,1,1,0
BRDA:28,2,0,0
BRDA:28,2,1,0
BRDA:52,3,0,0
BRDA:52,3,1,0
BRF:8
BRH:0
end_of_record
TN:
SF:routes-vidly\rental.js
FN:10,(anonymous_0)
FN:15,(anonymous_1)
FNF:2
FNH:0
FNDA:0,(anonymous_0)
FNDA:0,(anonymous_1)
DA:1,2
DA:2,2
DA:3,2
DA:4,2
DA:5,2
DA:6,2
DA:7,2
DA:10,2
DA:11,0
DA:12,0
DA:15,2
DA:16,0
DA:17,0
DA:18,0
DA:19,0
DA:21,0
DA:22,0
DA:24,0
DA:26,0
DA:40,0
DA:41,0
DA:42,0
DA:57,0
DA:60,2
LF:24
LH:10
BRDA:17,0,0,0
BRDA:17,0,1,0
BRDA:19,1,0,0
BRDA:19,1,1,0
BRDA:22,2,0,0
BRDA:22,2,1,0
BRDA:24,3,0,0
BRDA:24,3,1,0
BRF:8
BRH:0
end_of_record
TN:
SF:routes-vidly\users.js
FN:11,(anonymous_0)
FN:16,(anonymous_1)
FNF:2
FNH:0
FNDA:0,(anonymous_0)
FNDA:0,(anonymous_1)
DA:1,2
DA:2,2
DA:3,2
DA:4,2
DA:5,2
DA:6,2
DA:7,2
DA:8,2
DA:9,2
DA:11,2
DA:12,0
DA:13,0
DA:16,2
DA:17,0
DA:18,0
DA:19,0
DA:22,0
DA:24,0
DA:25,0
DA:26,0
DA:28,0
DA:29,0
DA:30,0
DA:33,2
LF:24
LH:12
BRDA:18,0,0,0
BRDA:18,0,1,0
BRDA:22,1,0,0
BRDA:22,1,1,0
BRF:4
BRH:0
end_of_record
TN:
SF:startup\config.js
FN:2,(anonymous_0)
FNF:1
FNH:1
FNDA:2,(anonymous_0)
DA:1,2
DA:2,2
DA:3,2
DA:4,0
DA:5,0
LF:5
LH:3
BRDA:3,0,0,0
BRDA:3,0,1,2
BRF:2
BRH:1
end_of_record
TN:
SF:startup\db.js
FN:4,(anonymous_0)
FN:7,(anonymous_1)
FNF:2
FNH:2
FNDA:2,(anonymous_0)
FNDA:2,(anonymous_1)
DA:1,2
DA:2,2
DA:3,2
DA:4,2
DA:5,2
DA:6,2
DA:7,2
LF:7
LH:7
BRF:0
BRH:0
end_of_record
TN:
SF:startup\logging.js
FN:5,(anonymous_0)
FN:17,(anonymous_1)
FNF:2
FNH:1
FNDA:2,(anonymous_0)
FNDA:0,(anonymous_1)
DA:1,2
DA:2,2
DA:3,2
DA:5,2
DA:12,2
DA:17,2
DA:21,0
DA:24,2
DA:25,2
LF:9
LH:8
BRF:0
BRH:0
end_of_record
TN:
SF:startup\routes.js
FN:10,(anonymous_0)
FN:20,(anonymous_1)
FNF:2
FNH:1
FNDA:2,(anonymous_0)
FNDA:0,(anonymous_1)
DA:1,2
DA:2,2
DA:3,2
DA:4,2
DA:5,2
DA:6,2
DA:7,2
DA:8,2
DA:10,2
DA:11,2
DA:12,2
DA:13,2
DA:14,2
DA:15,2
DA:16,2
DA:17,2
DA:18,2
DA:20,2
DA:21,0
LF:19
LH:18
BRF:0
BRH:0
end_of_record
TN:
SF:startup\validation.js
FN:2,(anonymous_0)
FNF:1
FNH:1
FNDA:2,(anonymous_0)
DA:1,2
DA:2,2
DA:3,2
LF:3
LH:3
BRF:0
BRH:0
end_of_record
